<?xml version="1.0" encoding="UTF-8"?>
<testng-results ignored="0" total="1" passed="1" failed="0" skipped="0">
  <reporter-output>
  </reporter-output>
  <suite started-at="2022-08-09T18:48:38 PDT" name="Default suite" finished-at="2022-08-09T18:49:11 PDT" duration-ms="32403">
    <groups>
      <group name="cucumber">
        <method signature="AbstractTestNGCucumberTests.feature(cucumber.api.testng.CucumberFeatureWrapper)[pri:0, instance:com.bootcamp.TestRunner.testrunnerrClass@55536d9e]" name="feature" class="cucumber.api.testng.AbstractTestNGCucumberTests"/>
      </group> <!-- cucumber -->
    </groups>
    <test started-at="2022-08-09T18:48:38 PDT" name="Default test" finished-at="2022-08-09T18:49:11 PDT" duration-ms="32403">
      <class name="com.bootcamp.TestRunner.testrunnerrClass">
        <test-method is-config="true" signature="startURL()[pri:0, instance:com.bootcamp.TestRunner.testrunnerrClass@55536d9e]" started-at="2022-08-09T18:48:38 PDT" name="startURL" finished-at="2022-08-09T18:48:42 PDT" duration-ms="3867" status="PASS">
          <reporter-output>
          </reporter-output>
        </test-method> <!-- startURL -->
        <test-method is-config="true" signature="setUpClass()[pri:0, instance:com.bootcamp.TestRunner.testrunnerrClass@55536d9e]" started-at="2022-08-09T18:48:42 PDT" name="setUpClass" finished-at="2022-08-09T18:48:43 PDT" duration-ms="718" status="PASS">
          <reporter-output>
          </reporter-output>
        </test-method> <!-- setUpClass -->
        <test-method signature="feature(cucumber.api.testng.CucumberFeatureWrapper)[pri:0, instance:com.bootcamp.TestRunner.testrunnerrClass@55536d9e]" started-at="2022-08-09T18:48:43 PDT" name="feature" description="Runs Cucumber Feature" data-provider="features" finished-at="2022-08-09T18:49:10 PDT" duration-ms="26674" status="PASS">
          <params>
            <param index="0">
              <value>
                <![CDATA[This is to validate Login Page Creation Functionality]]>
              </value>
            </param>
          </params>
          <reporter-output>
          </reporter-output>
        </test-method> <!-- feature -->
        <test-method is-config="true" signature="tearDownClass()[pri:0, instance:com.bootcamp.TestRunner.testrunnerrClass@55536d9e]" started-at="2022-08-09T18:49:10 PDT" name="tearDownClass" finished-at="2022-08-09T18:49:10 PDT" duration-ms="13" status="PASS">
          <reporter-output>
          </reporter-output>
        </test-method> <!-- tearDownClass -->
        <test-method is-config="true" signature="closeURL()[pri:0, instance:com.bootcamp.TestRunner.testrunnerrClass@55536d9e]" started-at="2022-08-09T18:49:10 PDT" name="closeURL" finished-at="2022-08-09T18:49:11 PDT" duration-ms="855" status="PASS">
          <reporter-output>
          </reporter-output>
        </test-method> <!-- closeURL -->
      </class> <!-- com.bootcamp.TestRunner.testrunnerrClass -->
    </test> <!-- Default test -->
  </suite> <!-- Default suite -->
</testng-results>
